This file contains any messages produced by compilers while
running configure, to aid debugging if configure makes a mistake.

It was created by xf86-video-sis configure 0.10.3, which was
generated by GNU Autoconf 2.68.  Invocation command line was

  $ ./configure --prefix=/usr --disable-static

## --------- ##
## Platform. ##
## --------- ##

hostname = note
uname -m = i686
uname -r = 3.3.8-calculate
uname -s = Linux
uname -v = #1 SMP PREEMPT Wed Jun 27 21:09:44 UTC 2012

/usr/bin/uname -p = Intel(R) Celeron(R) D CPU 220 @ 1.20GHz
/bin/uname -X     = unknown

/bin/arch              = unknown
/usr/bin/arch -k       = unknown
/usr/convex/getsysinfo = unknown
/usr/bin/hostinfo      = unknown
/bin/machine           = unknown
/usr/bin/oslevel       = unknown
/bin/universe          = unknown

PATH: /usr/local/sbin
PATH: /usr/local/bin
PATH: /usr/sbin
PATH: /usr/bin
PATH: /sbin
PATH: /bin
PATH: /opt/bin
PATH: /usr/i686-pc-linux-gnu/gcc-bin/4.5.3


## ----------- ##
## Core tests. ##
## ----------- ##

configure:2263: checking for a BSD-compatible install
configure:2331: result: /usr/bin/install -c
configure:2342: checking whether build environment is sane
configure:2379: result: yes
configure:2441: checking for gawk
configure:2457: found /usr/bin/gawk
configure:2468: result: gawk
configure:2479: checking whether make sets $(MAKE)
configure:2501: result: yes
configure:2679: checking whether to enable maintainer-specific portions of Makefiles
configure:2688: result: no
configure:2728: checking for style of include used by make
configure:2756: result: GNU
configure:2829: checking for gcc
configure:2845: found /usr/bin/gcc
configure:2856: result: gcc
configure:3085: checking for C compiler version
configure:3094: gcc --version >&5
gcc (Gentoo 4.5.3-r2 p1.1, pie-0.4.7) 4.5.3
Copyright (C) 2010 Free Software Foundation, Inc.
This is free software; see the source for copying conditions.  There is NO
warranty; not even for MERCHANTABILITY or FITNESS FOR A PARTICULAR PURPOSE.

configure:3105: $? = 0
configure:3094: gcc -v >&5
Using built-in specs.
COLLECT_GCC=/usr/i686-pc-linux-gnu/gcc-bin/4.5.3/gcc
COLLECT_LTO_WRAPPER=/usr/libexec/gcc/i686-pc-linux-gnu/4.5.3/lto-wrapper
Target: i686-pc-linux-gnu
Configured with: /var/calculate/tmp/portage/sys-devel/gcc-4.5.3-r2/work/gcc-4.5.3/configure --prefix=/usr --bindir=/usr/i686-pc-linux-gnu/gcc-bin/4.5.3 --includedir=/usr/lib/gcc/i686-pc-linux-gnu/4.5.3/include --datadir=/usr/share/gcc-data/i686-pc-linux-gnu/4.5.3 --mandir=/usr/share/gcc-data/i686-pc-linux-gnu/4.5.3/man --infodir=/usr/share/gcc-data/i686-pc-linux-gnu/4.5.3/info --with-gxx-include-dir=/usr/lib/gcc/i686-pc-linux-gnu/4.5.3/include/g++-v4 --host=i686-pc-linux-gnu --build=i686-pc-linux-gnu --disable-altivec --disable-fixed-point --without-ppl --without-cloog --disable-lto --enable-nls --without-included-gettext --with-system-zlib --disable-werror --enable-secureplt --disable-multilib --enable-libmudflap --disable-libssp --enable-libgomp --with-python-dir=/share/gcc-data/i686-pc-linux-gnu/4.5.3/python --enable-checking=release --disable-libgcj --with-arch=i686 --enable-languages=c,c++,fortran --enable-shared --enable-threads=posix --enable-__cxa_atexit --enable-clocale=gnu --enable-targets=all --with-bugurl=http://bugs.gentoo.org/ --with-pkgversion='Gentoo 4.5.3-r2 p1.1, pie-0.4.7'
Thread model: posix
gcc version 4.5.3 (Gentoo 4.5.3-r2 p1.1, pie-0.4.7) 
configure:3105: $? = 0
configure:3094: gcc -V >&5
gcc: '-V' option must have argument
configure:3105: $? = 1
configure:3094: gcc -qversion >&5
gcc: unrecognized option '-qversion'
gcc: no input files
configure:3105: $? = 1
configure:3125: checking whether the C compiler works
configure:3147: gcc    conftest.c  >&5
configure:3151: $? = 0
configure:3199: result: yes
configure:3202: checking for C compiler default output file name
configure:3204: result: a.out
configure:3210: checking for suffix of executables
configure:3217: gcc -o conftest    conftest.c  >&5
configure:3221: $? = 0
configure:3243: result: 
configure:3265: checking whether we are cross compiling
configure:3273: gcc -o conftest    conftest.c  >&5
configure:3277: $? = 0
configure:3284: ./conftest
configure:3288: $? = 0
configure:3303: result: no
configure:3308: checking for suffix of object files
configure:3330: gcc -c   conftest.c >&5
configure:3334: $? = 0
configure:3355: result: o
configure:3359: checking whether we are using the GNU C compiler
configure:3378: gcc -c   conftest.c >&5
configure:3378: $? = 0
configure:3387: result: yes
configure:3396: checking whether gcc accepts -g
configure:3416: gcc -c -g  conftest.c >&5
configure:3416: $? = 0
configure:3457: result: yes
configure:3474: checking for gcc option to accept ISO C89
configure:3538: gcc  -c -g -O2  conftest.c >&5
configure:3538: $? = 0
configure:3551: result: none needed
configure:3573: checking dependency style of gcc
configure:3663: result: gcc3
configure:3680: checking for gcc option to accept ISO C99
configure:3829: gcc  -c -g -O2  conftest.c >&5
conftest.c:61:29: error: expected ';', ',' or ')' before 'text'
conftest.c: In function 'main':
conftest.c:115:18: error: expected '=', ',', ';', 'asm' or '__attribute__' before 'newvar'
conftest.c:115:18: error: 'newvar' undeclared (first use in this function)
conftest.c:115:18: note: each undeclared identifier is reported only once for each function it appears in
conftest.c:125:3: error: 'for' loop initial declarations are only allowed in C99 mode
conftest.c:125:3: note: use option -std=c99 or -std=gnu99 to compile your code
configure:3829: $? = 1
configure: failed program was:
| /* confdefs.h */
| #define PACKAGE_NAME "xf86-video-sis"
| #define PACKAGE_TARNAME "xf86-video-sis"
| #define PACKAGE_VERSION "0.10.3"
| #define PACKAGE_STRING "xf86-video-sis 0.10.3"
| #define PACKAGE_BUGREPORT "https://bugs.freedesktop.org/enter_bug.cgi?product=xorg"
| #define PACKAGE_URL ""
| #define PACKAGE "xf86-video-sis"
| #define VERSION "0.10.3"
| /* end confdefs.h.  */
| #include <stdarg.h>
| #include <stdbool.h>
| #include <stdlib.h>
| #include <wchar.h>
| #include <stdio.h>
| 
| // Check varargs macros.  These examples are taken from C99 6.10.3.5.
| #define debug(...) fprintf (stderr, __VA_ARGS__)
| #define showlist(...) puts (#__VA_ARGS__)
| #define report(test,...) ((test) ? puts (#test) : printf (__VA_ARGS__))
| static void
| test_varargs_macros (void)
| {
|   int x = 1234;
|   int y = 5678;
|   debug ("Flag");
|   debug ("X = %d\n", x);
|   showlist (The first, second, and third items.);
|   report (x>y, "x is %d but y is %d", x, y);
| }
| 
| // Check long long types.
| #define BIG64 18446744073709551615ull
| #define BIG32 4294967295ul
| #define BIG_OK (BIG64 / BIG32 == 4294967297ull && BIG64 % BIG32 == 0)
| #if !BIG_OK
|   your preprocessor is broken;
| #endif
| #if BIG_OK
| #else
|   your preprocessor is broken;
| #endif
| static long long int bignum = -9223372036854775807LL;
| static unsigned long long int ubignum = BIG64;
| 
| struct incomplete_array
| {
|   int datasize;
|   double data[];
| };
| 
| struct named_init {
|   int number;
|   const wchar_t *name;
|   double average;
| };
| 
| typedef const char *ccp;
| 
| static inline int
| test_restrict (ccp restrict text)
| {
|   // See if C++-style comments work.
|   // Iterate through items via the restricted pointer.
|   // Also check for declarations in for loops.
|   for (unsigned int i = 0; *(text+i) != '\0'; ++i)
|     continue;
|   return 0;
| }
| 
| // Check varargs and va_copy.
| static void
| test_varargs (const char *format, ...)
| {
|   va_list args;
|   va_start (args, format);
|   va_list args_copy;
|   va_copy (args_copy, args);
| 
|   const char *str;
|   int number;
|   float fnumber;
| 
|   while (*format)
|     {
|       switch (*format++)
| 	{
| 	case 's': // string
| 	  str = va_arg (args_copy, const char *);
| 	  break;
| 	case 'd': // int
| 	  number = va_arg (args_copy, int);
| 	  break;
| 	case 'f': // float
| 	  fnumber = va_arg (args_copy, double);
| 	  break;
| 	default:
| 	  break;
| 	}
|     }
|   va_end (args_copy);
|   va_end (args);
| }
| 
| int
| main ()
| {
| 
|   // Check bool.
|   _Bool success = false;
| 
|   // Check restrict.
|   if (test_restrict ("String literal") == 0)
|     success = true;
|   char *restrict newvar = "Another string";
| 
|   // Check varargs.
|   test_varargs ("s, d' f .", "string", 65, 34.234);
|   test_varargs_macros ();
| 
|   // Check flexible array members.
|   struct incomplete_array *ia =
|     malloc (sizeof (struct incomplete_array) + (sizeof (double) * 10));
|   ia->datasize = 10;
|   for (int i = 0; i < ia->datasize; ++i)
|     ia->data[i] = i * 1.234;
| 
|   // Check named initializers.
|   struct named_init ni = {
|     .number = 34,
|     .name = L"Test wide string",
|     .average = 543.34343,
|   };
| 
|   ni.number = 58;
| 
|   int dynamic_array[ni.number];
|   dynamic_array[ni.number - 1] = 543;
| 
|   // work around unused variable warnings
|   return (!success || bignum == 0LL || ubignum == 0uLL || newvar[0] == 'x'
| 	  || dynamic_array[ni.number - 1] != 543);
| 
|   ;
|   return 0;
| }
configure:3829: gcc -std=gnu99 -c -g -O2  conftest.c >&5
configure:3829: $? = 0
configure:3849: result: -std=gnu99
configure:3863: checking how to run the C preprocessor
configure:3894: gcc -std=gnu99 -E  conftest.c
configure:3894: $? = 0
configure:3908: gcc -std=gnu99 -E  conftest.c
conftest.c:11:28: fatal error: ac_nonexistent.h: No such file or directory
compilation terminated.
configure:3908: $? = 1
configure: failed program was:
| /* confdefs.h */
| #define PACKAGE_NAME "xf86-video-sis"
| #define PACKAGE_TARNAME "xf86-video-sis"
| #define PACKAGE_VERSION "0.10.3"
| #define PACKAGE_STRING "xf86-video-sis 0.10.3"
| #define PACKAGE_BUGREPORT "https://bugs.freedesktop.org/enter_bug.cgi?product=xorg"
| #define PACKAGE_URL ""
| #define PACKAGE "xf86-video-sis"
| #define VERSION "0.10.3"
| /* end confdefs.h.  */
| #include <ac_nonexistent.h>
configure:3933: result: gcc -std=gnu99 -E
configure:3953: gcc -std=gnu99 -E  conftest.c
configure:3953: $? = 0
configure:3967: gcc -std=gnu99 -E  conftest.c
conftest.c:11:28: fatal error: ac_nonexistent.h: No such file or directory
compilation terminated.
configure:3967: $? = 1
configure: failed program was:
| /* confdefs.h */
| #define PACKAGE_NAME "xf86-video-sis"
| #define PACKAGE_TARNAME "xf86-video-sis"
| #define PACKAGE_VERSION "0.10.3"
| #define PACKAGE_STRING "xf86-video-sis 0.10.3"
| #define PACKAGE_BUGREPORT "https://bugs.freedesktop.org/enter_bug.cgi?product=xorg"
| #define PACKAGE_URL ""
| #define PACKAGE "xf86-video-sis"
| #define VERSION "0.10.3"
| /* end confdefs.h.  */
| #include <ac_nonexistent.h>
configure:3996: checking for grep that handles long lines and -e
configure:4054: result: /bin/grep
configure:4059: checking for egrep
configure:4121: result: /bin/grep -E
configure:4126: checking for ANSI C header files
configure:4146: gcc -std=gnu99 -c -g -O2  conftest.c >&5
configure:4146: $? = 0
configure:4219: gcc -std=gnu99 -o conftest -g -O2   conftest.c  >&5
configure:4219: $? = 0
configure:4219: ./conftest
configure:4219: $? = 0
configure:4230: result: yes
configure:4243: checking for sys/types.h
configure:4243: gcc -std=gnu99 -c -g -O2  conftest.c >&5
configure:4243: $? = 0
configure:4243: result: yes
configure:4243: checking for sys/stat.h
configure:4243: gcc -std=gnu99 -c -g -O2  conftest.c >&5
configure:4243: $? = 0
configure:4243: result: yes
configure:4243: checking for stdlib.h
configure:4243: gcc -std=gnu99 -c -g -O2  conftest.c >&5
configure:4243: $? = 0
configure:4243: result: yes
configure:4243: checking for string.h
configure:4243: gcc -std=gnu99 -c -g -O2  conftest.c >&5
configure:4243: $? = 0
configure:4243: result: yes
configure:4243: checking for memory.h
configure:4243: gcc -std=gnu99 -c -g -O2  conftest.c >&5
configure:4243: $? = 0
configure:4243: result: yes
configure:4243: checking for strings.h
configure:4243: gcc -std=gnu99 -c -g -O2  conftest.c >&5
configure:4243: $? = 0
configure:4243: result: yes
configure:4243: checking for inttypes.h
configure:4243: gcc -std=gnu99 -c -g -O2  conftest.c >&5
configure:4243: $? = 0
configure:4243: result: yes
configure:4243: checking for stdint.h
configure:4243: gcc -std=gnu99 -c -g -O2  conftest.c >&5
configure:4243: $? = 0
configure:4243: result: yes
configure:4243: checking for unistd.h
configure:4243: gcc -std=gnu99 -c -g -O2  conftest.c >&5
configure:4243: $? = 0
configure:4243: result: yes
configure:4259: checking whether __clang__ is declared
configure:4259: gcc -std=gnu99 -c -g -O2  conftest.c >&5
conftest.c: In function 'main':
conftest.c:61:10: error: '__clang__' undeclared (first use in this function)
conftest.c:61:10: note: each undeclared identifier is reported only once for each function it appears in
configure:4259: $? = 1
configure: failed program was:
| /* confdefs.h */
| #define PACKAGE_NAME "xf86-video-sis"
| #define PACKAGE_TARNAME "xf86-video-sis"
| #define PACKAGE_VERSION "0.10.3"
| #define PACKAGE_STRING "xf86-video-sis 0.10.3"
| #define PACKAGE_BUGREPORT "https://bugs.freedesktop.org/enter_bug.cgi?product=xorg"
| #define PACKAGE_URL ""
| #define PACKAGE "xf86-video-sis"
| #define VERSION "0.10.3"
| #define STDC_HEADERS 1
| #define HAVE_SYS_TYPES_H 1
| #define HAVE_SYS_STAT_H 1
| #define HAVE_STDLIB_H 1
| #define HAVE_STRING_H 1
| #define HAVE_MEMORY_H 1
| #define HAVE_STRINGS_H 1
| #define HAVE_INTTYPES_H 1
| #define HAVE_STDINT_H 1
| #define HAVE_UNISTD_H 1
| /* end confdefs.h.  */
| #include <stdio.h>
| #ifdef HAVE_SYS_TYPES_H
| # include <sys/types.h>
| #endif
| #ifdef HAVE_SYS_STAT_H
| # include <sys/stat.h>
| #endif
| #ifdef STDC_HEADERS
| # include <stdlib.h>
| # include <stddef.h>
| #else
| # ifdef HAVE_STDLIB_H
| #  include <stdlib.h>
| # endif
| #endif
| #ifdef HAVE_STRING_H
| # if !defined STDC_HEADERS && defined HAVE_MEMORY_H
| #  include <memory.h>
| # endif
| # include <string.h>
| #endif
| #ifdef HAVE_STRINGS_H
| # include <strings.h>
| #endif
| #ifdef HAVE_INTTYPES_H
| # include <inttypes.h>
| #endif
| #ifdef HAVE_STDINT_H
| # include <stdint.h>
| #endif
| #ifdef HAVE_UNISTD_H
| # include <unistd.h>
| #endif
| int
| main ()
| {
| #ifndef __clang__
| #ifdef __cplusplus
|   (void) __clang__;
| #else
|   (void) __clang__;
| #endif
| #endif
| 
|   ;
|   return 0;
| }
configure:4259: result: no
configure:4266: checking whether __INTEL_COMPILER is declared
configure:4266: gcc -std=gnu99 -c -g -O2  conftest.c >&5
conftest.c: In function 'main':
conftest.c:61:10: error: '__INTEL_COMPILER' undeclared (first use in this function)
conftest.c:61:10: note: each undeclared identifier is reported only once for each function it appears in
configure:4266: $? = 1
configure: failed program was:
| /* confdefs.h */
| #define PACKAGE_NAME "xf86-video-sis"
| #define PACKAGE_TARNAME "xf86-video-sis"
| #define PACKAGE_VERSION "0.10.3"
| #define PACKAGE_STRING "xf86-video-sis 0.10.3"
| #define PACKAGE_BUGREPORT "https://bugs.freedesktop.org/enter_bug.cgi?product=xorg"
| #define PACKAGE_URL ""
| #define PACKAGE "xf86-video-sis"
| #define VERSION "0.10.3"
| #define STDC_HEADERS 1
| #define HAVE_SYS_TYPES_H 1
| #define HAVE_SYS_STAT_H 1
| #define HAVE_STDLIB_H 1
| #define HAVE_STRING_H 1
| #define HAVE_MEMORY_H 1
| #define HAVE_STRINGS_H 1
| #define HAVE_INTTYPES_H 1
| #define HAVE_STDINT_H 1
| #define HAVE_UNISTD_H 1
| /* end confdefs.h.  */
| #include <stdio.h>
| #ifdef HAVE_SYS_TYPES_H
| # include <sys/types.h>
| #endif
| #ifdef HAVE_SYS_STAT_H
| # include <sys/stat.h>
| #endif
| #ifdef STDC_HEADERS
| # include <stdlib.h>
| # include <stddef.h>
| #else
| # ifdef HAVE_STDLIB_H
| #  include <stdlib.h>
| # endif
| #endif
| #ifdef HAVE_STRING_H
| # if !defined STDC_HEADERS && defined HAVE_MEMORY_H
| #  include <memory.h>
| # endif
| # include <string.h>
| #endif
| #ifdef HAVE_STRINGS_H
| # include <strings.h>
| #endif
| #ifdef HAVE_INTTYPES_H
| # include <inttypes.h>
| #endif
| #ifdef HAVE_STDINT_H
| # include <stdint.h>
| #endif
| #ifdef HAVE_UNISTD_H
| # include <unistd.h>
| #endif
| int
| main ()
| {
| #ifndef __INTEL_COMPILER
| #ifdef __cplusplus
|   (void) __INTEL_COMPILER;
| #else
|   (void) __INTEL_COMPILER;
| #endif
| #endif
| 
|   ;
|   return 0;
| }
configure:4266: result: no
configure:4273: checking whether __SUNPRO_C is declared
configure:4273: gcc -std=gnu99 -c -g -O2  conftest.c >&5
conftest.c: In function 'main':
conftest.c:61:10: error: '__SUNPRO_C' undeclared (first use in this function)
conftest.c:61:10: note: each undeclared identifier is reported only once for each function it appears in
configure:4273: $? = 1
configure: failed program was:
| /* confdefs.h */
| #define PACKAGE_NAME "xf86-video-sis"
| #define PACKAGE_TARNAME "xf86-video-sis"
| #define PACKAGE_VERSION "0.10.3"
| #define PACKAGE_STRING "xf86-video-sis 0.10.3"
| #define PACKAGE_BUGREPORT "https://bugs.freedesktop.org/enter_bug.cgi?product=xorg"
| #define PACKAGE_URL ""
| #define PACKAGE "xf86-video-sis"
| #define VERSION "0.10.3"
| #define STDC_HEADERS 1
| #define HAVE_SYS_TYPES_H 1
| #define HAVE_SYS_STAT_H 1
| #define HAVE_STDLIB_H 1
| #define HAVE_STRING_H 1
| #define HAVE_MEMORY_H 1
| #define HAVE_STRINGS_H 1
| #define HAVE_INTTYPES_H 1
| #define HAVE_STDINT_H 1
| #define HAVE_UNISTD_H 1
| /* end confdefs.h.  */
| #include <stdio.h>
| #ifdef HAVE_SYS_TYPES_H
| # include <sys/types.h>
| #endif
| #ifdef HAVE_SYS_STAT_H
| # include <sys/stat.h>
| #endif
| #ifdef STDC_HEADERS
| # include <stdlib.h>
| # include <stddef.h>
| #else
| # ifdef HAVE_STDLIB_H
| #  include <stdlib.h>
| # endif
| #endif
| #ifdef HAVE_STRING_H
| # if !defined STDC_HEADERS && defined HAVE_MEMORY_H
| #  include <memory.h>
| # endif
| # include <string.h>
| #endif
| #ifdef HAVE_STRINGS_H
| # include <strings.h>
| #endif
| #ifdef HAVE_INTTYPES_H
| # include <inttypes.h>
| #endif
| #ifdef HAVE_STDINT_H
| # include <stdint.h>
| #endif
| #ifdef HAVE_UNISTD_H
| # include <unistd.h>
| #endif
| int
| main ()
| {
| #ifndef __SUNPRO_C
| #ifdef __cplusplus
|   (void) __SUNPRO_C;
| #else
|   (void) __SUNPRO_C;
| #endif
| #endif
| 
|   ;
|   return 0;
| }
configure:4273: result: no
configure:4335: checking for pkg-config
configure:4353: found /usr/bin/pkg-config
configure:4365: result: /usr/bin/pkg-config
configure:4390: checking pkg-config is at least version 0.9.0
configure:4393: result: yes
configure:4405: checking build system type
configure:4419: result: i686-pc-linux-gnu
configure:4439: checking host system type
configure:4452: result: i686-pc-linux-gnu
configure:4472: checking for a sed that does not truncate output
configure:4536: result: /bin/sed
configure:4582: checking if gcc -std=gnu99 supports -Werror=unknown-warning-option
configure:4591: gcc -std=gnu99 -c -g -O2 -Werror=unknown-warning-option  conftest.c >&5
cc1: error: -Werror=unknown-warning-option: No option -Wunknown-warning-option
configure:4591: $? = 1
configure: failed program was:
| /* confdefs.h */
| #define PACKAGE_NAME "xf86-video-sis"
| #define PACKAGE_TARNAME "xf86-video-sis"
| #define PACKAGE_VERSION "0.10.3"
| #define PACKAGE_STRING "xf86-video-sis 0.10.3"
| #define PACKAGE_BUGREPORT "https://bugs.freedesktop.org/enter_bug.cgi?product=xorg"
| #define PACKAGE_URL ""
| #define PACKAGE "xf86-video-sis"
| #define VERSION "0.10.3"
| #define STDC_HEADERS 1
| #define HAVE_SYS_TYPES_H 1
| #define HAVE_SYS_STAT_H 1
| #define HAVE_STDLIB_H 1
| #define HAVE_STRING_H 1
| #define HAVE_MEMORY_H 1
| #define HAVE_STRINGS_H 1
| #define HAVE_INTTYPES_H 1
| #define HAVE_STDINT_H 1
| #define HAVE_UNISTD_H 1
| /* end confdefs.h.  */
| int i;
configure:4598: result: no
configure:4609: checking if gcc -std=gnu99 supports -Werror=unused-command-line-argument
configure:4618: gcc -std=gnu99 -c -g -O2 -Werror=unused-command-line-argument  conftest.c >&5
cc1: error: -Werror=unused-command-line-argument: No option -Wunused-command-line-argument
configure:4618: $? = 1
configure: failed program was:
| /* confdefs.h */
| #define PACKAGE_NAME "xf86-video-sis"
| #define PACKAGE_TARNAME "xf86-video-sis"
| #define PACKAGE_VERSION "0.10.3"
| #define PACKAGE_STRING "xf86-video-sis 0.10.3"
| #define PACKAGE_BUGREPORT "https://bugs.freedesktop.org/enter_bug.cgi?product=xorg"
| #define PACKAGE_URL ""
| #define PACKAGE "xf86-video-sis"
| #define VERSION "0.10.3"
| #define STDC_HEADERS 1
| #define HAVE_SYS_TYPES_H 1
| #define HAVE_SYS_STAT_H 1
| #define HAVE_STDLIB_H 1
| #define HAVE_STRING_H 1
| #define HAVE_MEMORY_H 1
| #define HAVE_STRINGS_H 1
| #define HAVE_INTTYPES_H 1
| #define HAVE_STDINT_H 1
| #define HAVE_UNISTD_H 1
| /* end confdefs.h.  */
| int i;
configure:4625: result: no
configure:4644: checking if gcc -std=gnu99 supports-Wall
configure:4661: gcc -std=gnu99 -o conftest -g -O2 -Wall   conftest.c  >&5
configure:4661: $? = 0
configure:4674: result: yes
configure:4762: checking if gcc -std=gnu99 supports-Wpointer-arith
configure:4779: gcc -std=gnu99 -o conftest -g -O2 -Wpointer-arith   conftest.c  >&5
configure:4779: $? = 0
configure:4792: result: yes
configure:4880: checking if gcc -std=gnu99 supports-Wmissing-declarations
configure:4897: gcc -std=gnu99 -o conftest -g -O2 -Wmissing-declarations   conftest.c  >&5
configure:4897: $? = 0
configure:4910: result: yes
configure:4998: checking if gcc -std=gnu99 supports-Wformat=2
configure:5015: gcc -std=gnu99 -o conftest -g -O2 -Wformat=2   conftest.c  >&5
configure:5015: $? = 0
configure:5028: result: yes
configure:5167: checking if gcc -std=gnu99 supports-Wstrict-prototypes
configure:5184: gcc -std=gnu99 -o conftest -g -O2 -Wstrict-prototypes   conftest.c  >&5
conftest.c:23:1: warning: function declaration isn't a prototype
configure:5184: $? = 0
configure:5197: result: yes
configure:5285: checking if gcc -std=gnu99 supports-Wmissing-prototypes
configure:5302: gcc -std=gnu99 -o conftest -g -O2 -Wmissing-prototypes   conftest.c  >&5
configure:5302: $? = 0
configure:5315: result: yes
configure:5403: checking if gcc -std=gnu99 supports-Wnested-externs
configure:5420: gcc -std=gnu99 -o conftest -g -O2 -Wnested-externs   conftest.c  >&5
configure:5420: $? = 0
configure:5433: result: yes
configure:5521: checking if gcc -std=gnu99 supports-Wbad-function-cast
configure:5538: gcc -std=gnu99 -o conftest -g -O2 -Wbad-function-cast   conftest.c  >&5
configure:5538: $? = 0
configure:5551: result: yes
configure:5639: checking if gcc -std=gnu99 supports-Wold-style-definition
configure:5656: gcc -std=gnu99 -o conftest -g -O2 -Wold-style-definition   conftest.c  >&5
conftest.c: In function 'main':
conftest.c:23:1: warning: old-style function definition
configure:5656: $? = 0
configure:5669: result: yes
configure:5757: checking if gcc -std=gnu99 supports-Wdeclaration-after-statement
configure:5774: gcc -std=gnu99 -o conftest -g -O2 -Wdeclaration-after-statement   conftest.c  >&5
configure:5774: $? = 0
configure:5787: result: yes
configure:5879: checking if gcc -std=gnu99 supports-Wunused
configure:5896: gcc -std=gnu99 -o conftest -g -O2 -Wunused   conftest.c  >&5
configure:5896: $? = 0
configure:5909: result: yes
configure:5997: checking if gcc -std=gnu99 supports-Wuninitialized
configure:6014: gcc -std=gnu99 -o conftest -g -O2 -Wuninitialized   conftest.c  >&5
configure:6014: $? = 0
configure:6027: result: yes
configure:6115: checking if gcc -std=gnu99 supports-Wshadow
configure:6132: gcc -std=gnu99 -o conftest -g -O2 -Wshadow   conftest.c  >&5
configure:6132: $? = 0
configure:6145: result: yes
configure:6233: checking if gcc -std=gnu99 supports-Wcast-qual
configure:6250: gcc -std=gnu99 -o conftest -g -O2 -Wcast-qual   conftest.c  >&5
configure:6250: $? = 0
configure:6263: result: yes
configure:6351: checking if gcc -std=gnu99 supports-Wmissing-noreturn
configure:6368: gcc -std=gnu99 -o conftest -g -O2 -Wmissing-noreturn   conftest.c  >&5
configure:6368: $? = 0
configure:6381: result: yes
configure:6469: checking if gcc -std=gnu99 supports-Wmissing-format-attribute
configure:6486: gcc -std=gnu99 -o conftest -g -O2 -Wmissing-format-attribute   conftest.c  >&5
configure:6486: $? = 0
configure:6499: result: yes
configure:6587: checking if gcc -std=gnu99 supports-Wredundant-decls
configure:6604: gcc -std=gnu99 -o conftest -g -O2 -Wredundant-decls   conftest.c  >&5
configure:6604: $? = 0
configure:6617: result: yes
configure:6717: checking if gcc -std=gnu99 supports-Werror=implicit
configure:6734: gcc -std=gnu99 -o conftest -g -O2 -Werror=implicit   conftest.c  >&5
configure:6734: $? = 0
configure:6747: result: yes
configure:6884: checking if gcc -std=gnu99 supports-Werror=nonnull
configure:6901: gcc -std=gnu99 -o conftest -g -O2 -Werror=nonnull   conftest.c  >&5
configure:6901: $? = 0
configure:6914: result: yes
configure:7002: checking if gcc -std=gnu99 supports-Werror=init-self
configure:7019: gcc -std=gnu99 -o conftest -g -O2 -Werror=init-self   conftest.c  >&5
configure:7019: $? = 0
configure:7032: result: yes
configure:7120: checking if gcc -std=gnu99 supports-Werror=main
configure:7137: gcc -std=gnu99 -o conftest -g -O2 -Werror=main   conftest.c  >&5
configure:7137: $? = 0
configure:7150: result: yes
configure:7238: checking if gcc -std=gnu99 supports-Werror=missing-braces
configure:7255: gcc -std=gnu99 -o conftest -g -O2 -Werror=missing-braces   conftest.c  >&5
configure:7255: $? = 0
configure:7268: result: yes
configure:7356: checking if gcc -std=gnu99 supports-Werror=sequence-point
configure:7373: gcc -std=gnu99 -o conftest -g -O2 -Werror=sequence-point   conftest.c  >&5
configure:7373: $? = 0
configure:7386: result: yes
configure:7474: checking if gcc -std=gnu99 supports-Werror=return-type
configure:7491: gcc -std=gnu99 -o conftest -g -O2 -Werror=return-type   conftest.c  >&5
configure:7491: $? = 0
configure:7504: result: yes
configure:7641: checking if gcc -std=gnu99 supports-Werror=trigraphs
configure:7658: gcc -std=gnu99 -o conftest -g -O2 -Werror=trigraphs   conftest.c  >&5
configure:7658: $? = 0
configure:7671: result: yes
configure:7759: checking if gcc -std=gnu99 supports-Werror=array-bounds
configure:7776: gcc -std=gnu99 -o conftest -g -O2 -Werror=array-bounds   conftest.c  >&5
configure:7776: $? = 0
configure:7789: result: yes
configure:7877: checking if gcc -std=gnu99 supports-Werror=write-strings
configure:7894: gcc -std=gnu99 -o conftest -g -O2 -Werror=write-strings   conftest.c  >&5
configure:7894: $? = 0
configure:7907: result: yes
configure:7995: checking if gcc -std=gnu99 supports-Werror=address
configure:8012: gcc -std=gnu99 -o conftest -g -O2 -Werror=address   conftest.c  >&5
configure:8012: $? = 0
configure:8025: result: yes
configure:8113: checking if gcc -std=gnu99 supports-Werror=int-to-pointer-cast
configure:8130: gcc -std=gnu99 -o conftest -g -O2 -Werror=int-to-pointer-cast   conftest.c  >&5
configure:8130: $? = 0
configure:8143: result: yes
configure:8280: checking if gcc -std=gnu99 supports-Werror=pointer-to-int-cast
configure:8297: gcc -std=gnu99 -o conftest -g -O2 -Werror=pointer-to-int-cast   conftest.c  >&5
configure:8297: $? = 0
configure:8310: result: yes
configure:9968: checking if gcc -std=gnu99 supports-pedantic
configure:9985: gcc -std=gnu99 -o conftest -g -O2 -pedantic   conftest.c  >&5
configure:9985: $? = 0
configure:9998: result: yes
configure:10086: checking if gcc -std=gnu99 supports-Werror
configure:10103: gcc -std=gnu99 -o conftest -g -O2 -Werror   conftest.c  >&5
configure:10103: $? = 0
configure:10116: result: yes
configure:10256: checking if gcc -std=gnu99 supports-Werror=attributes
configure:10273: gcc -std=gnu99 -o conftest -g -O2 -Werror=attributes   conftest.c  >&5
configure:10273: $? = 0
configure:10286: result: yes
configure:10517: checking how to print strings
configure:10544: result: printf
configure:10565: checking for a sed that does not truncate output
configure:10629: result: /bin/sed
configure:10647: checking for fgrep
configure:10709: result: /bin/grep -F
configure:10744: checking for ld used by gcc -std=gnu99
configure:10811: result: /usr/i686-pc-linux-gnu/bin/ld
configure:10818: checking if the linker (/usr/i686-pc-linux-gnu/bin/ld) is GNU ld
configure:10833: result: yes
configure:10845: checking for BSD- or MS-compatible name lister (nm)
configure:10894: result: /usr/bin/nm -B
configure:11024: checking the name lister (/usr/bin/nm -B) interface
configure:11031: gcc -std=gnu99 -c -g -O2  conftest.c >&5
configure:11034: /usr/bin/nm -B "conftest.o"
configure:11037: output
00000000 B some_variable
configure:11044: result: BSD nm
configure:11047: checking whether ln -s works
configure:11051: result: yes
configure:11059: checking the maximum length of command line arguments
configure:11184: result: 1572864
configure:11201: checking whether the shell understands some XSI constructs
configure:11211: result: yes
configure:11215: checking whether the shell understands "+="
configure:11221: result: yes
configure:11256: checking how to convert i686-pc-linux-gnu file names to i686-pc-linux-gnu format
configure:11296: result: func_convert_file_noop
configure:11303: checking how to convert i686-pc-linux-gnu file names to toolchain format
configure:11323: result: func_convert_file_noop
configure:11330: checking for /usr/i686-pc-linux-gnu/bin/ld option to reload object files
configure:11337: result: -r
configure:11411: checking for objdump
configure:11427: found /usr/bin/objdump
configure:11438: result: objdump
configure:11470: checking how to recognize dependent libraries
configure:11672: result: pass_all
configure:11757: checking for dlltool
configure:11787: result: no
configure:11817: checking how to associate runtime and link libraries
configure:11844: result: printf %s\n
configure:11904: checking for ar
configure:11920: found /usr/bin/ar
configure:11931: result: ar
configure:11968: checking for archiver @FILE support
configure:11985: gcc -std=gnu99 -c -g -O2  conftest.c >&5
configure:11985: $? = 0
configure:11988: ar cru libconftest.a @conftest.lst >&5
configure:11991: $? = 0
configure:11996: ar cru libconftest.a @conftest.lst >&5
ar: conftest.o: No such file or directory
configure:11999: $? = 1
configure:12011: result: @
configure:12069: checking for strip
configure:12085: found /usr/bin/strip
configure:12096: result: strip
configure:12168: checking for ranlib
configure:12184: found /usr/bin/ranlib
configure:12195: result: ranlib
configure:12297: checking command to parse /usr/bin/nm -B output from gcc -std=gnu99 object
configure:12416: gcc -std=gnu99 -c -g -O2  conftest.c >&5
configure:12419: $? = 0
configure:12423: /usr/bin/nm -B conftest.o \| sed -n -e 's/^.*[ ]\([ABCDGIRSTW][ABCDGIRSTW]*\)[ ][ ]*\([_A-Za-z][_A-Za-z0-9]*\)$/\1 \2 \2/p' | sed '/ __gnu_lto/d' \> conftest.nm
configure:12426: $? = 0
configure:12492: gcc -std=gnu99 -o conftest -g -O2   conftest.c conftstm.o >&5
configure:12495: $? = 0
configure:12533: result: ok
configure:12570: checking for sysroot
configure:12600: result: no
configure:12843: checking for mt
configure:12873: result: no
configure:12893: checking if : is a manifest tool
configure:12899: : '-?'
configure:12907: result: no
configure:13536: checking for dlfcn.h
configure:13536: gcc -std=gnu99 -c -g -O2  conftest.c >&5
configure:13536: $? = 0
configure:13536: result: yes
configure:13693: checking for objdir
configure:13708: result: .libs
configure:13975: checking if gcc -std=gnu99 supports -fno-rtti -fno-exceptions
configure:13993: gcc -std=gnu99 -c -g -O2  -fno-rtti -fno-exceptions conftest.c >&5
cc1: warning: command line option "-fno-rtti" is valid for C++/ObjC++ but not for C
configure:13997: $? = 0
configure:14010: result: no
configure:14320: checking for gcc -std=gnu99 option to produce PIC
configure:14327: result: -fPIC -DPIC
configure:14335: checking if gcc -std=gnu99 PIC flag -fPIC -DPIC works
configure:14353: gcc -std=gnu99 -c -g -O2  -fPIC -DPIC -DPIC conftest.c >&5
configure:14357: $? = 0
configure:14370: result: yes
configure:14399: checking if gcc -std=gnu99 static flag -static works
configure:14427: result: yes
configure:14442: checking if gcc -std=gnu99 supports -c -o file.o
configure:14463: gcc -std=gnu99 -c -g -O2  -o out/conftest2.o conftest.c >&5
configure:14467: $? = 0
configure:14489: result: yes
configure:14497: checking if gcc -std=gnu99 supports -c -o file.o
configure:14544: result: yes
configure:14577: checking whether the gcc -std=gnu99 linker (/usr/i686-pc-linux-gnu/bin/ld) supports shared libraries
configure:15735: result: yes
configure:15772: checking whether -lc should be explicitly linked in
configure:15780: gcc -std=gnu99 -c -g -O2  conftest.c >&5
configure:15783: $? = 0
configure:15798: gcc -std=gnu99 -shared  -fPIC -DPIC conftest.o  -v -Wl,-soname -Wl,conftest -o conftest 2\>\&1 \| /bin/grep  -lc  \>/dev/null 2\>\&1
configure:15801: $? = 0
configure:15815: result: no
configure:15980: checking dynamic linker characteristics
configure:16507: gcc -std=gnu99 -o conftest -g -O2   -Wl,-rpath -Wl,/foo conftest.c  >&5
configure:16507: $? = 0
configure:16729: result: GNU/Linux ld.so
configure:16836: checking how to hardcode library paths into programs
configure:16861: result: immediate
configure:17401: checking whether stripping libraries is possible
configure:17406: result: yes
configure:17441: checking if libtool supports shared libraries
configure:17443: result: yes
configure:17446: checking whether to build shared libraries
configure:17467: result: yes
configure:17470: checking whether to build static libraries
configure:17474: result: no
configure:17550: gcc -std=gnu99 -c -g -O2 -I/usr/include/xorg  conftest.c >&5
configure:17550: $? = 0
configure:17557: checking if XINERAMA is defined
configure:17559: result: yes
configure:17585: gcc -std=gnu99 -c -g -O2 -I/usr/include/xorg  conftest.c >&5
configure:17585: $? = 0
configure:17592: checking if RANDR is defined
configure:17594: result: yes
configure:17620: gcc -std=gnu99 -c -g -O2 -I/usr/include/xorg  conftest.c >&5
configure:17620: $? = 0
configure:17627: checking if RENDER is defined
configure:17629: result: yes
configure:17655: gcc -std=gnu99 -c -g -O2 -I/usr/include/xorg  conftest.c >&5
configure:17655: $? = 0
configure:17662: checking if XV is defined
configure:17664: result: yes
configure:17690: gcc -std=gnu99 -c -g -O2 -I/usr/include/xorg  conftest.c >&5
configure:17690: $? = 0
configure:17697: checking if DPMSExtension is defined
configure:17699: result: yes
configure:17709: checking for XORG
configure:17716: $PKG_CONFIG --exists --print-errors "xorg-server >= 1.0.99.901 xproto fontsproto xf86dgaproto >= 2.1 $REQUIRED_MODULES"
configure:17719: $? = 0
configure:17733: $PKG_CONFIG --exists --print-errors "xorg-server >= 1.0.99.901 xproto fontsproto xf86dgaproto >= 2.1 $REQUIRED_MODULES"
configure:17736: $? = 0
configure:17794: result: yes
configure:17800: checking for XEXT
configure:17807: $PKG_CONFIG --exists --print-errors "xextproto >= 7.0.99.1"
configure:17810: $? = 0
configure:17824: $PKG_CONFIG --exists --print-errors "xextproto >= 7.0.99.1"
configure:17827: $? = 0
configure:17865: result: yes
configure:17887: checking for /usr/include/xorg/dri.h
configure:17901: result: yes
configure:17910: checking for /usr/include/xorg/sarea.h
configure:17924: result: yes
configure:17933: checking for /usr/include/xorg/dristruct.h
configure:17947: result: yes
configure:17957: checking whether to include DRI support
configure:17968: result: yes
configure:17984: checking for DRI
configure:17991: $PKG_CONFIG --exists --print-errors "libdrm >= 2.0 xf86driproto"
configure:17994: $? = 0
configure:18008: $PKG_CONFIG --exists --print-errors "libdrm >= 2.0 xf86driproto"
configure:18011: $? = 0
configure:18069: result: yes
configure:18088: checking whether XSERVER_LIBPCIACCESS is declared
configure:18088: gcc -std=gnu99 -c -g -O2  -fvisibility=hidden -I/usr/include/xorg -I/usr/include/pixman-1   conftest.c >&5
configure:18088: $? = 0
configure:18088: result: yes
configure:18101: checking for PCIACCESS
configure:18108: $PKG_CONFIG --exists --print-errors "pciaccess >= 0.12.901"
configure:18111: $? = 0
configure:18125: $PKG_CONFIG --exists --print-errors "pciaccess >= 0.12.901"
configure:18128: $? = 0
configure:18186: result: yes
configure:18464: creating ./config.status

## ---------------------- ##
## Running config.status. ##
## ---------------------- ##

This file was extended by xf86-video-sis config.status 0.10.3, which was
generated by GNU Autoconf 2.68.  Invocation command line was

  CONFIG_FILES    = 
  CONFIG_HEADERS  = 
  CONFIG_LINKS    = 
  CONFIG_COMMANDS = 
  $ ./config.status 

on note

config.status:1148: creating Makefile
config.status:1148: creating src/Makefile
config.status:1148: creating src/xvmc/Makefile
config.status:1148: creating man/Makefile
config.status:1148: creating config.h
config.status:1370: executing depfiles commands
config.status:1370: executing libtool commands

## ---------------- ##
## Cache variables. ##
## ---------------- ##

ac_cv_build=i686-pc-linux-gnu
ac_cv_c_compiler_gnu=yes
ac_cv_env_CC_set=
ac_cv_env_CC_value=
ac_cv_env_CFLAGS_set=
ac_cv_env_CFLAGS_value=
ac_cv_env_CPPFLAGS_set=
ac_cv_env_CPPFLAGS_value=
ac_cv_env_CPP_set=
ac_cv_env_CPP_value=
ac_cv_env_DRI_CFLAGS_set=
ac_cv_env_DRI_CFLAGS_value=
ac_cv_env_DRI_LIBS_set=
ac_cv_env_DRI_LIBS_value=
ac_cv_env_LDFLAGS_set=
ac_cv_env_LDFLAGS_value=
ac_cv_env_LIBS_set=
ac_cv_env_LIBS_value=
ac_cv_env_PCIACCESS_CFLAGS_set=
ac_cv_env_PCIACCESS_CFLAGS_value=
ac_cv_env_PCIACCESS_LIBS_set=
ac_cv_env_PCIACCESS_LIBS_value=
ac_cv_env_PKG_CONFIG_LIBDIR_set=
ac_cv_env_PKG_CONFIG_LIBDIR_value=
ac_cv_env_PKG_CONFIG_PATH_set=
ac_cv_env_PKG_CONFIG_PATH_value=
ac_cv_env_PKG_CONFIG_set=
ac_cv_env_PKG_CONFIG_value=
ac_cv_env_XEXT_CFLAGS_set=
ac_cv_env_XEXT_CFLAGS_value=
ac_cv_env_XEXT_LIBS_set=
ac_cv_env_XEXT_LIBS_value=
ac_cv_env_XORG_CFLAGS_set=
ac_cv_env_XORG_CFLAGS_value=
ac_cv_env_XORG_LIBS_set=
ac_cv_env_XORG_LIBS_value=
ac_cv_env_build_alias_set=
ac_cv_env_build_alias_value=
ac_cv_env_host_alias_set=
ac_cv_env_host_alias_value=
ac_cv_env_target_alias_set=
ac_cv_env_target_alias_value=
ac_cv_file__usr_include_xorg_dri_h=yes
ac_cv_file__usr_include_xorg_dristruct_h=yes
ac_cv_file__usr_include_xorg_sarea_h=yes
ac_cv_have_decl_XSERVER_LIBPCIACCESS=yes
ac_cv_have_decl___INTEL_COMPILER=no
ac_cv_have_decl___SUNPRO_C=no
ac_cv_have_decl___clang__=no
ac_cv_header_dlfcn_h=yes
ac_cv_header_inttypes_h=yes
ac_cv_header_memory_h=yes
ac_cv_header_stdc=yes
ac_cv_header_stdint_h=yes
ac_cv_header_stdlib_h=yes
ac_cv_header_string_h=yes
ac_cv_header_strings_h=yes
ac_cv_header_sys_stat_h=yes
ac_cv_header_sys_types_h=yes
ac_cv_header_unistd_h=yes
ac_cv_host=i686-pc-linux-gnu
ac_cv_objext=o
ac_cv_path_EGREP='/bin/grep -E'
ac_cv_path_FGREP='/bin/grep -F'
ac_cv_path_GREP=/bin/grep
ac_cv_path_SED=/bin/sed
ac_cv_path_ac_pt_PKG_CONFIG=/usr/bin/pkg-config
ac_cv_path_install='/usr/bin/install -c'
ac_cv_prog_AWK=gawk
ac_cv_prog_CPP='gcc -std=gnu99 -E'
ac_cv_prog_ac_ct_AR=ar
ac_cv_prog_ac_ct_CC=gcc
ac_cv_prog_ac_ct_OBJDUMP=objdump
ac_cv_prog_ac_ct_RANLIB=ranlib
ac_cv_prog_ac_ct_STRIP=strip
ac_cv_prog_cc_c89=
ac_cv_prog_cc_c99=-std=gnu99
ac_cv_prog_cc_g=yes
ac_cv_prog_make_make_set=yes
am_cv_CC_dependencies_compiler_type=gcc3
lt_cv_ar_at_file=@
lt_cv_archive_cmds_need_lc=no
lt_cv_deplibs_check_method=pass_all
lt_cv_file_magic_cmd='$MAGIC_CMD'
lt_cv_file_magic_test_file=
lt_cv_ld_reload_flag=-r
lt_cv_nm_interface='BSD nm'
lt_cv_objdir=.libs
lt_cv_path_LD=/usr/i686-pc-linux-gnu/bin/ld
lt_cv_path_NM='/usr/bin/nm -B'
lt_cv_path_mainfest_tool=no
lt_cv_prog_compiler_c_o=yes
lt_cv_prog_compiler_pic='-fPIC -DPIC'
lt_cv_prog_compiler_pic_works=yes
lt_cv_prog_compiler_rtti_exceptions=no
lt_cv_prog_compiler_static_works=yes
lt_cv_prog_gnu_ld=yes
lt_cv_sharedlib_from_linklib_cmd='printf %s\n'
lt_cv_shlibpath_overrides_runpath=yes
lt_cv_sys_global_symbol_pipe='sed -n -e '\''s/^.*[	 ]\([ABCDGIRSTW][ABCDGIRSTW]*\)[	 ][	 ]*\([_A-Za-z][_A-Za-z0-9]*\)$/\1 \2 \2/p'\'' | sed '\''/ __gnu_lto/d'\'''
lt_cv_sys_global_symbol_to_c_name_address='sed -n -e '\''s/^: \([^ ]*\)[ ]*$/  {\"\1\", (void *) 0},/p'\'' -e '\''s/^[ABCDGIRSTW]* \([^ ]*\) \([^ ]*\)$/  {"\2", (void *) \&\2},/p'\'''
lt_cv_sys_global_symbol_to_c_name_address_lib_prefix='sed -n -e '\''s/^: \([^ ]*\)[ ]*$/  {\"\1\", (void *) 0},/p'\'' -e '\''s/^[ABCDGIRSTW]* \([^ ]*\) \(lib[^ ]*\)$/  {"\2", (void *) \&\2},/p'\'' -e '\''s/^[ABCDGIRSTW]* \([^ ]*\) \([^ ]*\)$/  {"lib\2", (void *) \&\2},/p'\'''
lt_cv_sys_global_symbol_to_cdecl='sed -n -e '\''s/^T .* \(.*\)$/extern int \1();/p'\'' -e '\''s/^[ABCDGIRSTW]* .* \(.*\)$/extern char \1;/p'\'''
lt_cv_sys_max_cmd_len=1572864
lt_cv_to_host_file_cmd=func_convert_file_noop
lt_cv_to_tool_file_cmd=func_convert_file_noop
pkg_cv_DRI_CFLAGS='-I/usr/include/libdrm -I/usr/include/X11/dri  '
pkg_cv_DRI_LIBS='-ldrm  '
pkg_cv_PCIACCESS_CFLAGS=' '
pkg_cv_PCIACCESS_LIBS='-lpciaccess  '
pkg_cv_XEXT_CFLAGS=' '
pkg_cv_XEXT_LIBS=' '
pkg_cv_XORG_CFLAGS='-fvisibility=hidden -I/usr/include/xorg -I/usr/include/pixman-1  '
pkg_cv_XORG_LIBS=' '
xorg_cv_cc_flag__Wall=yes
xorg_cv_cc_flag__Wbad_function_cast=yes
xorg_cv_cc_flag__Wcast_qual=yes
xorg_cv_cc_flag__Wdeclaration_after_statement=yes
xorg_cv_cc_flag__Werror=yes
xorg_cv_cc_flag__Werror_address=yes
xorg_cv_cc_flag__Werror_array_bounds=yes
xorg_cv_cc_flag__Werror_attributes=yes
xorg_cv_cc_flag__Werror_implicit=yes
xorg_cv_cc_flag__Werror_init_self=yes
xorg_cv_cc_flag__Werror_int_to_pointer_cast=yes
xorg_cv_cc_flag__Werror_main=yes
xorg_cv_cc_flag__Werror_missing_braces=yes
xorg_cv_cc_flag__Werror_nonnull=yes
xorg_cv_cc_flag__Werror_pointer_to_int_cast=yes
xorg_cv_cc_flag__Werror_return_type=yes
xorg_cv_cc_flag__Werror_sequence_point=yes
xorg_cv_cc_flag__Werror_trigraphs=yes
xorg_cv_cc_flag__Werror_write_strings=yes
xorg_cv_cc_flag__Wformat_2=yes
xorg_cv_cc_flag__Wmissing_declarations=yes
xorg_cv_cc_flag__Wmissing_format_attribute=yes
xorg_cv_cc_flag__Wmissing_noreturn=yes
xorg_cv_cc_flag__Wmissing_prototypes=yes
xorg_cv_cc_flag__Wnested_externs=yes
xorg_cv_cc_flag__Wold_style_definition=yes
xorg_cv_cc_flag__Wpointer_arith=yes
xorg_cv_cc_flag__Wredundant_decls=yes
xorg_cv_cc_flag__Wshadow=yes
xorg_cv_cc_flag__Wstrict_prototypes=yes
xorg_cv_cc_flag__Wuninitialized=yes
xorg_cv_cc_flag__Wunused=yes
xorg_cv_cc_flag__pedantic=yes
xorg_cv_cc_flag_unknown_warning_option=no
xorg_cv_cc_flag_unused_command_line_argument=no

## ----------------- ##
## Output variables. ##
## ----------------- ##

ACLOCAL='${SHELL} /root/sis-671-fix/missing --run aclocal-1.9'
ADMIN_MAN_DIR='$(mandir)/man$(ADMIN_MAN_SUFFIX)'
ADMIN_MAN_SUFFIX='8'
AMDEPBACKSLASH='\'
AMDEP_FALSE='#'
AMDEP_TRUE=''
AMTAR='${SHELL} /root/sis-671-fix/missing --run tar'
AM_DEFAULT_VERBOSITY='1'
APP_MAN_DIR='$(mandir)/man$(APP_MAN_SUFFIX)'
APP_MAN_SUFFIX='1'
AR='ar'
AUTOCONF='${SHELL} /root/sis-671-fix/missing --run autoconf'
AUTOHEADER='${SHELL} /root/sis-671-fix/missing --run autoheader'
AUTOMAKE='${SHELL} /root/sis-671-fix/missing --run automake-1.9'
AWK='gawk'
BASE_CFLAGS=' -Wall -Wpointer-arith -Wmissing-declarations -Wformat=2 -Wstrict-prototypes -Wmissing-prototypes -Wnested-externs -Wbad-function-cast -Wold-style-definition -Wdeclaration-after-statement -Wunused -Wuninitialized -Wshadow -Wcast-qual -Wmissing-noreturn -Wmissing-format-attribute -Wredundant-decls -Werror=implicit -Werror=nonnull -Werror=init-self -Werror=main -Werror=missing-braces -Werror=sequence-point -Werror=return-type -Werror=trigraphs -Werror=array-bounds -Werror=write-strings -Werror=address -Werror=int-to-pointer-cast -Werror=pointer-to-int-cast'
CC='gcc -std=gnu99'
CCDEPMODE='depmode=gcc3'
CFLAGS='-g -O2'
CHANGELOG_CMD='(GIT_DIR=$(top_srcdir)/.git git log > $(top_srcdir)/.changelog.tmp && mv $(top_srcdir)/.changelog.tmp $(top_srcdir)/ChangeLog) || (rm -f $(top_srcdir)/.changelog.tmp; touch $(top_srcdir)/ChangeLog; echo '\''git directory not found: installing possibly empty changelog.'\'' >&2)'
CPP='gcc -std=gnu99 -E'
CPPFLAGS=''
CWARNFLAGS=' -Wall -Wpointer-arith -Wmissing-declarations -Wformat=2 -Wstrict-prototypes -Wmissing-prototypes -Wnested-externs -Wbad-function-cast -Wold-style-definition -Wdeclaration-after-statement -Wunused -Wuninitialized -Wshadow -Wcast-qual -Wmissing-noreturn -Wmissing-format-attribute -Wredundant-decls -Werror=implicit -Werror=nonnull -Werror=init-self -Werror=main -Werror=missing-braces -Werror=sequence-point -Werror=return-type -Werror=trigraphs -Werror=array-bounds -Werror=write-strings -Werror=address -Werror=int-to-pointer-cast -Werror=pointer-to-int-cast -fno-strict-aliasing'
CYGPATH_W='echo'
DEFS='-DHAVE_CONFIG_H'
DEPDIR='.deps'
DLLTOOL='false'
DRIVER_MAN_DIR='$(mandir)/man$(DRIVER_MAN_SUFFIX)'
DRIVER_MAN_SUFFIX='4'
DRIVER_NAME='sis671'
DRI_CFLAGS='-I/usr/include/libdrm -I/usr/include/X11/dri  '
DRI_FALSE='#'
DRI_LIBS='-ldrm  '
DRI_TRUE=''
DSYMUTIL=''
DUMPBIN=''
ECHO_C=''
ECHO_N='-n'
ECHO_T=''
EGREP='/bin/grep -E'
EXEEXT=''
FGREP='/bin/grep -F'
FILE_MAN_DIR='$(mandir)/man$(FILE_MAN_SUFFIX)'
FILE_MAN_SUFFIX='5'
GREP='/bin/grep'
HAVE_XEXTPROTO_71_FALSE='#'
HAVE_XEXTPROTO_71_TRUE=''
INSTALL_CMD='(cp -f /usr/share/util-macros/INSTALL $(top_srcdir)/.INSTALL.tmp && mv $(top_srcdir)/.INSTALL.tmp $(top_srcdir)/INSTALL) || (rm -f $(top_srcdir)/.INSTALL.tmp; touch $(top_srcdir)/INSTALL; echo '\''util-macros "pkgdatadir" from xorg-macros.pc not found: installing possibly empty INSTALL.'\'' >&2)'
INSTALL_DATA='${INSTALL} -m 644'
INSTALL_PROGRAM='${INSTALL}'
INSTALL_SCRIPT='${INSTALL}'
INSTALL_STRIP_PROGRAM='${SHELL} $(install_sh) -c -s'
LD='/usr/i686-pc-linux-gnu/bin/ld'
LDFLAGS=''
LIBOBJS=''
LIBS=''
LIBTOOL='$(SHELL) $(top_builddir)/libtool'
LIB_MAN_DIR='$(mandir)/man$(LIB_MAN_SUFFIX)'
LIB_MAN_SUFFIX='3'
LIPO=''
LN_S='ln -s'
LTLIBOBJS=''
MAINT='#'
MAINTAINER_MODE_FALSE=''
MAINTAINER_MODE_TRUE='#'
MAKEINFO='${SHELL} /root/sis-671-fix/missing --run makeinfo'
MANIFEST_TOOL=':'
MAN_SUBSTS='	-e '\''s|__vendorversion__|"$(PACKAGE_STRING)" "$(XORG_MAN_PAGE)"|'\'' 	-e '\''s|__xorgversion__|"$(PACKAGE_STRING)" "$(XORG_MAN_PAGE)"|'\'' 	-e '\''s|__xservername__|Xorg|g'\'' 	-e '\''s|__xconfigfile__|xorg.conf|g'\'' 	-e '\''s|__projectroot__|$(prefix)|g'\'' 	-e '\''s|__apploaddir__|$(appdefaultdir)|g'\'' 	-e '\''s|__appmansuffix__|$(APP_MAN_SUFFIX)|g'\'' 	-e '\''s|__drivermansuffix__|$(DRIVER_MAN_SUFFIX)|g'\'' 	-e '\''s|__adminmansuffix__|$(ADMIN_MAN_SUFFIX)|g'\'' 	-e '\''s|__libmansuffix__|$(LIB_MAN_SUFFIX)|g'\'' 	-e '\''s|__miscmansuffix__|$(MISC_MAN_SUFFIX)|g'\'' 	-e '\''s|__filemansuffix__|$(FILE_MAN_SUFFIX)|g'\'''
MISC_MAN_DIR='$(mandir)/man$(MISC_MAN_SUFFIX)'
MISC_MAN_SUFFIX='7'
NM='/usr/bin/nm -B'
NMEDIT=''
OBJDUMP='objdump'
OBJEXT='o'
OTOOL64=''
OTOOL=''
PACKAGE='xf86-video-sis'
PACKAGE_BUGREPORT='https://bugs.freedesktop.org/enter_bug.cgi?product=xorg'
PACKAGE_NAME='xf86-video-sis'
PACKAGE_STRING='xf86-video-sis 0.10.3'
PACKAGE_TARNAME='xf86-video-sis'
PACKAGE_URL=''
PACKAGE_VERSION='0.10.3'
PATH_SEPARATOR=':'
PCIACCESS_CFLAGS=' '
PCIACCESS_LIBS='-lpciaccess  '
PKG_CONFIG='/usr/bin/pkg-config'
PKG_CONFIG_LIBDIR=''
PKG_CONFIG_PATH=''
RANLIB='ranlib'
SED='/bin/sed'
SET_MAKE=''
SHELL='/bin/sh'
STRICT_CFLAGS=' -pedantic -Werror -Werror=attributes'
STRIP='strip'
VERSION='0.10.3'
XEXT_CFLAGS=' '
XEXT_LIBS=' '
XORG_CFLAGS='-fvisibility=hidden -I/usr/include/xorg -I/usr/include/pixman-1    '
XORG_LIBS=' '
XORG_MAN_PAGE='X Version 11'
XSERVER_LIBPCIACCESS_FALSE='#'
XSERVER_LIBPCIACCESS_TRUE=''
ac_ct_AR='ar'
ac_ct_CC='gcc'
ac_ct_DUMPBIN=''
am__fastdepCC_FALSE='#'
am__fastdepCC_TRUE=''
am__include='include'
am__leading_dot='.'
am__quote=''
am__tar='${AMTAR} chof - "$$tardir"'
am__untar='${AMTAR} xf -'
bindir='${exec_prefix}/bin'
build='i686-pc-linux-gnu'
build_alias=''
build_cpu='i686'
build_os='linux-gnu'
build_vendor='pc'
datadir='${datarootdir}'
datarootdir='${prefix}/share'
docdir='${datarootdir}/doc/${PACKAGE_TARNAME}'
dvidir='${docdir}'
exec_prefix='${prefix}'
host='i686-pc-linux-gnu'
host_alias=''
host_cpu='i686'
host_os='linux-gnu'
host_vendor='pc'
htmldir='${docdir}'
includedir='${prefix}/include'
infodir='${datarootdir}/info'
install_sh='/root/sis-671-fix/install-sh'
libdir='${exec_prefix}/lib'
libexecdir='${exec_prefix}/libexec'
localedir='${datarootdir}/locale'
localstatedir='${prefix}/var'
mandir='${datarootdir}/man'
mkdir_p='mkdir -p --'
moduledir='${exec_prefix}/lib/xorg/modules'
oldincludedir='/usr/include'
pdfdir='${docdir}'
prefix='/usr'
program_transform_name='s,x,x,'
psdir='${docdir}'
sbindir='${exec_prefix}/sbin'
sharedstatedir='${prefix}/com'
sysconfdir='${prefix}/etc'
target_alias=''

## ----------- ##
## confdefs.h. ##
## ----------- ##

/* confdefs.h */
#define PACKAGE_NAME "xf86-video-sis"
#define PACKAGE_TARNAME "xf86-video-sis"
#define PACKAGE_VERSION "0.10.3"
#define PACKAGE_STRING "xf86-video-sis 0.10.3"
#define PACKAGE_BUGREPORT "https://bugs.freedesktop.org/enter_bug.cgi?product=xorg"
#define PACKAGE_URL ""
#define PACKAGE "xf86-video-sis"
#define VERSION "0.10.3"
#define STDC_HEADERS 1
#define HAVE_SYS_TYPES_H 1
#define HAVE_SYS_STAT_H 1
#define HAVE_STDLIB_H 1
#define HAVE_STRING_H 1
#define HAVE_MEMORY_H 1
#define HAVE_STRINGS_H 1
#define HAVE_INTTYPES_H 1
#define HAVE_STDINT_H 1
#define HAVE_UNISTD_H 1
#define PACKAGE_VERSION_MAJOR 0
#define PACKAGE_VERSION_MINOR 10
#define PACKAGE_VERSION_PATCHLEVEL 3
#define HAVE_DLFCN_H 1
#define LT_OBJDIR ".libs/"
#define HAVE_XEXTPROTO_71 1
#define SISDRI 1
#define SISDRI_DEVEL 1
#define XF86EXA 1
#define PACKAGE_VERSION_MAJOR 0
#define PACKAGE_VERSION_MINOR 10
#define PACKAGE_VERSION_PATCHLEVEL 3

configure: exit 0
